
state 0
	$accept: .contract_declaration $end 

	CONTRACT  shift 2
	.  error

	contract_declaration  goto 1

state 1
	$accept:  contract_declaration.$end 
	contract_declaration:  contract_declaration.NEWLINE 

	$end  accept
	NEWLINE  shift 3
	.  error


state 2
	contract_declaration:  CONTRACT.IDENT LBRACE NEWLINE contract_body RBRACE 

	IDENT  shift 4
	.  error


state 3
	contract_declaration:  contract_declaration NEWLINE.    (70)

	.  reduce 70 (src line 237)


state 4
	contract_declaration:  CONTRACT IDENT.LBRACE NEWLINE contract_body RBRACE 

	LBRACE  shift 5
	.  error


state 5
	contract_declaration:  CONTRACT IDENT LBRACE.NEWLINE contract_body RBRACE 

	NEWLINE  shift 6
	.  error


state 6
	contract_declaration:  CONTRACT IDENT LBRACE NEWLINE.contract_body RBRACE 
	contract_data: .    (66)

	DATA  shift 9
	.  reduce 66 (src line 221)

	contract_data  goto 8
	contract_body  goto 7

state 7
	contract_declaration:  CONTRACT IDENT LBRACE NEWLINE contract_body.RBRACE 

	RBRACE  shift 10
	.  error


state 8
	contract_body:  contract_data.statements 
	statements: .    (6)

	.  reduce 6 (src line 123)

	statements  goto 11

state 9
	contract_data:  DATA.LBRACE NEWLINE var_declarations NEWLINE RBRACE NEWLINE 

	LBRACE  shift 12
	.  error


state 10
	contract_declaration:  CONTRACT IDENT LBRACE NEWLINE contract_body RBRACE.    (69)

	.  reduce 69 (src line 232)


state 11
	statements:  statements.NEWLINE 
	statements:  statements.statement NEWLINE 
	contract_body:  contract_data statements.    (68)

	IDENT  shift 23
	CALL  shift 21
	CALLCONTRACT  shift 22
	NEWLINE  shift 13
	IF  shift 17
	RETURN  shift 18
	WHILE  shift 19
	FUNC  shift 20
	T_INT  shift 25
	T_BOOL  shift 24
	T_STR  shift 26
	.  reduce 68 (src line 226)

	type  goto 16
	var  goto 15
	statement  goto 14

state 12
	contract_data:  DATA LBRACE.NEWLINE var_declarations NEWLINE RBRACE NEWLINE 

	NEWLINE  shift 27
	.  error


state 13
	statements:  statements NEWLINE.    (7)

	.  reduce 7 (src line 125)


state 14
	statements:  statements statement.NEWLINE 

	NEWLINE  shift 28
	.  error


state 15
	statement:  var.ASSIGN expr 
	statement:  var.ADD_ASSIGN expr 
	statement:  var.SUB_ASSIGN expr 
	statement:  var.MUL_ASSIGN expr 
	statement:  var.DIV_ASSIGN expr 
	statement:  var.MOD_ASSIGN expr 

	ADD_ASSIGN  shift 30
	SUB_ASSIGN  shift 31
	MUL_ASSIGN  shift 32
	DIV_ASSIGN  shift 33
	MOD_ASSIGN  shift 34
	ASSIGN  shift 29
	.  error


state 16
	statement:  type.IDENT ASSIGN expr 
	statement:  type.ident_list 

	IDENT  shift 35
	.  error

	ident_list  goto 36

state 17
	statement:  IF.expr LBRACE statements RBRACE elif else 

	IDENT  shift 46
	CALL  shift 44
	CALLCONTRACT  shift 45
	INT  shift 39
	STRING  shift 40
	QSTRING  shift 41
	TRUE  shift 42
	FALSE  shift 43
	LPAREN  shift 38
	QUESTION  shift 47
	SUB  shift 48
	NOT  shift 49
	.  error

	expr  goto 37

state 18
	statement:  RETURN.    (26)
	statement:  RETURN.expr 

	IDENT  shift 46
	CALL  shift 44
	CALLCONTRACT  shift 45
	INT  shift 39
	STRING  shift 40
	QSTRING  shift 41
	TRUE  shift 42
	FALSE  shift 43
	LPAREN  shift 38
	QUESTION  shift 47
	SUB  shift 48
	NOT  shift 49
	.  reduce 26 (src line 158)

	expr  goto 50

state 19
	statement:  WHILE.expr LBRACE statements RBRACE 

	IDENT  shift 46
	CALL  shift 44
	CALLCONTRACT  shift 45
	INT  shift 39
	STRING  shift 40
	QSTRING  shift 41
	TRUE  shift 42
	FALSE  shift 43
	LPAREN  shift 38
	QUESTION  shift 47
	SUB  shift 48
	NOT  shift 49
	.  error

	expr  goto 51

state 20
	statement:  FUNC.CALL par_declarations RPAREN rettype LBRACE statements RBRACE 

	CALL  shift 52
	.  error


state 21
	statement:  CALL.params RPAREN 
	params: .    (9)

	IDENT  shift 46
	CALL  shift 44
	CALLCONTRACT  shift 45
	INT  shift 39
	STRING  shift 40
	QSTRING  shift 41
	TRUE  shift 42
	FALSE  shift 43
	LPAREN  shift 38
	QUESTION  shift 47
	SUB  shift 48
	NOT  shift 49
	.  reduce 9 (src line 129)

	params  goto 53
	expr  goto 54

state 22
	statement:  CALLCONTRACT.RPAREN 

	RPAREN  shift 55
	.  error


state 23
	var:  IDENT.    (12)

	.  reduce 12 (src line 135)


state 24
	type:  T_BOOL.    (1)

	.  reduce 1 (src line 112)


state 25
	type:  T_INT.    (2)

	.  reduce 2 (src line 114)


state 26
	type:  T_STR.    (3)

	.  reduce 3 (src line 115)


state 27
	contract_data:  DATA LBRACE NEWLINE.var_declarations NEWLINE RBRACE NEWLINE 

	T_INT  shift 25
	T_BOOL  shift 24
	T_STR  shift 26
	.  error

	type  goto 58
	var_declaration  goto 57
	var_declarations  goto 56

state 28
	statements:  statements statement NEWLINE.    (8)

	.  reduce 8 (src line 126)


state 29
	statement:  var ASSIGN.expr 

	IDENT  shift 46
	CALL  shift 44
	CALLCONTRACT  shift 45
	INT  shift 39
	STRING  shift 40
	QSTRING  shift 41
	TRUE  shift 42
	FALSE  shift 43
	LPAREN  shift 38
	QUESTION  shift 47
	SUB  shift 48
	NOT  shift 49
	.  error

	expr  goto 59

state 30
	statement:  var ADD_ASSIGN.expr 

	IDENT  shift 46
	CALL  shift 44
	CALLCONTRACT  shift 45
	INT  shift 39
	STRING  shift 40
	QSTRING  shift 41
	TRUE  shift 42
	FALSE  shift 43
	LPAREN  shift 38
	QUESTION  shift 47
	SUB  shift 48
	NOT  shift 49
	.  error

	expr  goto 60

state 31
	statement:  var SUB_ASSIGN.expr 

	IDENT  shift 46
	CALL  shift 44
	CALLCONTRACT  shift 45
	INT  shift 39
	STRING  shift 40
	QSTRING  shift 41
	TRUE  shift 42
	FALSE  shift 43
	LPAREN  shift 38
	QUESTION  shift 47
	SUB  shift 48
	NOT  shift 49
	.  error

	expr  goto 61

state 32
	statement:  var MUL_ASSIGN.expr 

	IDENT  shift 46
	CALL  shift 44
	CALLCONTRACT  shift 45
	INT  shift 39
	STRING  shift 40
	QSTRING  shift 41
	TRUE  shift 42
	FALSE  shift 43
	LPAREN  shift 38
	QUESTION  shift 47
	SUB  shift 48
	NOT  shift 49
	.  error

	expr  goto 62

state 33
	statement:  var DIV_ASSIGN.expr 

	IDENT  shift 46
	CALL  shift 44
	CALLCONTRACT  shift 45
	INT  shift 39
	STRING  shift 40
	QSTRING  shift 41
	TRUE  shift 42
	FALSE  shift 43
	LPAREN  shift 38
	QUESTION  shift 47
	SUB  shift 48
	NOT  shift 49
	.  error

	expr  goto 63

state 34
	statement:  var MOD_ASSIGN.expr 

	IDENT  shift 46
	CALL  shift 44
	CALLCONTRACT  shift 45
	INT  shift 39
	STRING  shift 40
	QSTRING  shift 41
	TRUE  shift 42
	FALSE  shift 43
	LPAREN  shift 38
	QUESTION  shift 47
	SUB  shift 48
	NOT  shift 49
	.  error

	expr  goto 64

state 35
	statement:  type IDENT.ASSIGN expr 
	ident_list:  IDENT.    (57)

	ASSIGN  shift 65
	.  reduce 57 (src line 197)


state 36
	statement:  type ident_list.    (24)
	ident_list:  ident_list.IDENT 

	IDENT  shift 66
	.  reduce 24 (src line 156)


state 37
	statement:  IF expr.LBRACE statements RBRACE elif else 
	expr:  expr.MUL expr 
	expr:  expr.DIV expr 
	expr:  expr.ADD expr 
	expr:  expr.SUB expr 
	expr:  expr.MOD expr 
	expr:  expr.AND expr 
	expr:  expr.OR expr 
	expr:  expr.EQ expr 
	expr:  expr.NOT_EQ expr 
	expr:  expr.LTE expr 
	expr:  expr.GTE expr 
	expr:  expr.LT expr 
	expr:  expr.GT expr 

	LBRACE  shift 67
	ADD  shift 70
	SUB  shift 71
	MUL  shift 68
	DIV  shift 69
	MOD  shift 72
	AND  shift 73
	OR  shift 74
	EQ  shift 75
	NOT_EQ  shift 76
	LT  shift 79
	GT  shift 80
	LTE  shift 77
	GTE  shift 78
	.  error


state 38
	expr:  LPAREN.expr RPAREN 

	IDENT  shift 46
	CALL  shift 44
	CALLCONTRACT  shift 45
	INT  shift 39
	STRING  shift 40
	QSTRING  shift 41
	TRUE  shift 42
	FALSE  shift 43
	LPAREN  shift 38
	QUESTION  shift 47
	SUB  shift 48
	NOT  shift 49
	.  error

	expr  goto 81

state 39
	expr:  INT.    (33)

	.  reduce 33 (src line 170)


state 40
	expr:  STRING.    (34)

	.  reduce 34 (src line 171)


state 41
	expr:  QSTRING.    (35)

	.  reduce 35 (src line 172)


state 42
	expr:  TRUE.    (36)

	.  reduce 36 (src line 173)


state 43
	expr:  FALSE.    (37)

	.  reduce 37 (src line 174)


state 44
	expr:  CALL.params RPAREN 
	params: .    (9)

	IDENT  shift 46
	CALL  shift 44
	CALLCONTRACT  shift 45
	INT  shift 39
	STRING  shift 40
	QSTRING  shift 41
	TRUE  shift 42
	FALSE  shift 43
	LPAREN  shift 38
	QUESTION  shift 47
	SUB  shift 48
	NOT  shift 49
	.  reduce 9 (src line 129)

	params  goto 82
	expr  goto 54

state 45
	expr:  CALLCONTRACT.RPAREN 

	RPAREN  shift 83
	.  error


state 46
	expr:  IDENT.    (40)

	.  reduce 40 (src line 177)


state 47
	expr:  QUESTION.LPAREN expr COMMA expr COMMA expr RPAREN 

	LPAREN  shift 84
	.  error


state 48
	expr:  SUB.expr 

	IDENT  shift 46
	CALL  shift 44
	CALLCONTRACT  shift 45
	INT  shift 39
	STRING  shift 40
	QSTRING  shift 41
	TRUE  shift 42
	FALSE  shift 43
	LPAREN  shift 38
	QUESTION  shift 47
	SUB  shift 48
	NOT  shift 49
	.  error

	expr  goto 85

state 49
	expr:  NOT.expr 

	IDENT  shift 46
	CALL  shift 44
	CALLCONTRACT  shift 45
	INT  shift 39
	STRING  shift 40
	QSTRING  shift 41
	TRUE  shift 42
	FALSE  shift 43
	LPAREN  shift 38
	QUESTION  shift 47
	SUB  shift 48
	NOT  shift 49
	.  error

	expr  goto 86

state 50
	statement:  RETURN expr.    (27)
	expr:  expr.MUL expr 
	expr:  expr.DIV expr 
	expr:  expr.ADD expr 
	expr:  expr.SUB expr 
	expr:  expr.MOD expr 
	expr:  expr.AND expr 
	expr:  expr.OR expr 
	expr:  expr.EQ expr 
	expr:  expr.NOT_EQ expr 
	expr:  expr.LTE expr 
	expr:  expr.GTE expr 
	expr:  expr.LT expr 
	expr:  expr.GT expr 

	ADD  shift 70
	SUB  shift 71
	MUL  shift 68
	DIV  shift 69
	MOD  shift 72
	AND  shift 73
	OR  shift 74
	EQ  shift 75
	NOT_EQ  shift 76
	LT  shift 79
	GT  shift 80
	LTE  shift 77
	GTE  shift 78
	.  reduce 27 (src line 159)


state 51
	statement:  WHILE expr.LBRACE statements RBRACE 
	expr:  expr.MUL expr 
	expr:  expr.DIV expr 
	expr:  expr.ADD expr 
	expr:  expr.SUB expr 
	expr:  expr.MOD expr 
	expr:  expr.AND expr 
	expr:  expr.OR expr 
	expr:  expr.EQ expr 
	expr:  expr.NOT_EQ expr 
	expr:  expr.LTE expr 
	expr:  expr.GTE expr 
	expr:  expr.LT expr 
	expr:  expr.GT expr 

	LBRACE  shift 87
	ADD  shift 70
	SUB  shift 71
	MUL  shift 68
	DIV  shift 69
	MOD  shift 72
	AND  shift 73
	OR  shift 74
	EQ  shift 75
	NOT_EQ  shift 76
	LT  shift 79
	GT  shift 80
	LTE  shift 77
	GTE  shift 78
	.  error


state 52
	statement:  FUNC CALL.par_declarations RPAREN rettype LBRACE statements RBRACE 
	par_declarations: .    (60)

	T_INT  shift 25
	T_BOOL  shift 24
	T_STR  shift 26
	.  reduce 60 (src line 206)

	type  goto 90
	par_declaration  goto 89
	par_declarations  goto 88

state 53
	params:  params.COMMA expr 
	statement:  CALL params.RPAREN 

	COMMA  shift 91
	RPAREN  shift 92
	.  error


state 54
	params:  expr.    (10)
	expr:  expr.MUL expr 
	expr:  expr.DIV expr 
	expr:  expr.ADD expr 
	expr:  expr.SUB expr 
	expr:  expr.MOD expr 
	expr:  expr.AND expr 
	expr:  expr.OR expr 
	expr:  expr.EQ expr 
	expr:  expr.NOT_EQ expr 
	expr:  expr.LTE expr 
	expr:  expr.GTE expr 
	expr:  expr.LT expr 
	expr:  expr.GT expr 

	ADD  shift 70
	SUB  shift 71
	MUL  shift 68
	DIV  shift 69
	MOD  shift 72
	AND  shift 73
	OR  shift 74
	EQ  shift 75
	NOT_EQ  shift 76
	LT  shift 79
	GT  shift 80
	LTE  shift 77
	GTE  shift 78
	.  reduce 10 (src line 131)


state 55
	statement:  CALLCONTRACT RPAREN.    (31)

	.  reduce 31 (src line 165)


state 56
	var_declarations:  var_declarations.NEWLINE var_declaration 
	contract_data:  DATA LBRACE NEWLINE var_declarations.NEWLINE RBRACE NEWLINE 

	NEWLINE  shift 93
	.  error


state 57
	var_declarations:  var_declaration.    (64)

	.  reduce 64 (src line 216)


state 58
	var_declaration:  type.ident_list 

	IDENT  shift 95
	.  error

	ident_list  goto 94

state 59
	statement:  var ASSIGN expr.    (17)
	expr:  expr.MUL expr 
	expr:  expr.DIV expr 
	expr:  expr.ADD expr 
	expr:  expr.SUB expr 
	expr:  expr.MOD expr 
	expr:  expr.AND expr 
	expr:  expr.OR expr 
	expr:  expr.EQ expr 
	expr:  expr.NOT_EQ expr 
	expr:  expr.LTE expr 
	expr:  expr.GTE expr 
	expr:  expr.LT expr 
	expr:  expr.GT expr 

	ADD  shift 70
	SUB  shift 71
	MUL  shift 68
	DIV  shift 69
	MOD  shift 72
	AND  shift 73
	OR  shift 74
	EQ  shift 75
	NOT_EQ  shift 76
	LT  shift 79
	GT  shift 80
	LTE  shift 77
	GTE  shift 78
	.  reduce 17 (src line 148)


state 60
	statement:  var ADD_ASSIGN expr.    (18)
	expr:  expr.MUL expr 
	expr:  expr.DIV expr 
	expr:  expr.ADD expr 
	expr:  expr.SUB expr 
	expr:  expr.MOD expr 
	expr:  expr.AND expr 
	expr:  expr.OR expr 
	expr:  expr.EQ expr 
	expr:  expr.NOT_EQ expr 
	expr:  expr.LTE expr 
	expr:  expr.GTE expr 
	expr:  expr.LT expr 
	expr:  expr.GT expr 

	ADD  shift 70
	SUB  shift 71
	MUL  shift 68
	DIV  shift 69
	MOD  shift 72
	AND  shift 73
	OR  shift 74
	EQ  shift 75
	NOT_EQ  shift 76
	LT  shift 79
	GT  shift 80
	LTE  shift 77
	GTE  shift 78
	.  reduce 18 (src line 150)


state 61
	statement:  var SUB_ASSIGN expr.    (19)
	expr:  expr.MUL expr 
	expr:  expr.DIV expr 
	expr:  expr.ADD expr 
	expr:  expr.SUB expr 
	expr:  expr.MOD expr 
	expr:  expr.AND expr 
	expr:  expr.OR expr 
	expr:  expr.EQ expr 
	expr:  expr.NOT_EQ expr 
	expr:  expr.LTE expr 
	expr:  expr.GTE expr 
	expr:  expr.LT expr 
	expr:  expr.GT expr 

	ADD  shift 70
	SUB  shift 71
	MUL  shift 68
	DIV  shift 69
	MOD  shift 72
	AND  shift 73
	OR  shift 74
	EQ  shift 75
	NOT_EQ  shift 76
	LT  shift 79
	GT  shift 80
	LTE  shift 77
	GTE  shift 78
	.  reduce 19 (src line 151)


state 62
	statement:  var MUL_ASSIGN expr.    (20)
	expr:  expr.MUL expr 
	expr:  expr.DIV expr 
	expr:  expr.ADD expr 
	expr:  expr.SUB expr 
	expr:  expr.MOD expr 
	expr:  expr.AND expr 
	expr:  expr.OR expr 
	expr:  expr.EQ expr 
	expr:  expr.NOT_EQ expr 
	expr:  expr.LTE expr 
	expr:  expr.GTE expr 
	expr:  expr.LT expr 
	expr:  expr.GT expr 

	ADD  shift 70
	SUB  shift 71
	MUL  shift 68
	DIV  shift 69
	MOD  shift 72
	AND  shift 73
	OR  shift 74
	EQ  shift 75
	NOT_EQ  shift 76
	LT  shift 79
	GT  shift 80
	LTE  shift 77
	GTE  shift 78
	.  reduce 20 (src line 152)


state 63
	statement:  var DIV_ASSIGN expr.    (21)
	expr:  expr.MUL expr 
	expr:  expr.DIV expr 
	expr:  expr.ADD expr 
	expr:  expr.SUB expr 
	expr:  expr.MOD expr 
	expr:  expr.AND expr 
	expr:  expr.OR expr 
	expr:  expr.EQ expr 
	expr:  expr.NOT_EQ expr 
	expr:  expr.LTE expr 
	expr:  expr.GTE expr 
	expr:  expr.LT expr 
	expr:  expr.GT expr 

	ADD  shift 70
	SUB  shift 71
	MUL  shift 68
	DIV  shift 69
	MOD  shift 72
	AND  shift 73
	OR  shift 74
	EQ  shift 75
	NOT_EQ  shift 76
	LT  shift 79
	GT  shift 80
	LTE  shift 77
	GTE  shift 78
	.  reduce 21 (src line 153)


state 64
	statement:  var MOD_ASSIGN expr.    (22)
	expr:  expr.MUL expr 
	expr:  expr.DIV expr 
	expr:  expr.ADD expr 
	expr:  expr.SUB expr 
	expr:  expr.MOD expr 
	expr:  expr.AND expr 
	expr:  expr.OR expr 
	expr:  expr.EQ expr 
	expr:  expr.NOT_EQ expr 
	expr:  expr.LTE expr 
	expr:  expr.GTE expr 
	expr:  expr.LT expr 
	expr:  expr.GT expr 

	ADD  shift 70
	SUB  shift 71
	MUL  shift 68
	DIV  shift 69
	MOD  shift 72
	AND  shift 73
	OR  shift 74
	EQ  shift 75
	NOT_EQ  shift 76
	LT  shift 79
	GT  shift 80
	LTE  shift 77
	GTE  shift 78
	.  reduce 22 (src line 154)


state 65
	statement:  type IDENT ASSIGN.expr 

	IDENT  shift 46
	CALL  shift 44
	CALLCONTRACT  shift 45
	INT  shift 39
	STRING  shift 40
	QSTRING  shift 41
	TRUE  shift 42
	FALSE  shift 43
	LPAREN  shift 38
	QUESTION  shift 47
	SUB  shift 48
	NOT  shift 49
	.  error

	expr  goto 96

state 66
	ident_list:  ident_list IDENT.    (58)

	.  reduce 58 (src line 199)


state 67
	statement:  IF expr LBRACE.statements RBRACE elif else 
	statements: .    (6)

	.  reduce 6 (src line 123)

	statements  goto 97

state 68
	expr:  expr MUL.expr 

	IDENT  shift 46
	CALL  shift 44
	CALLCONTRACT  shift 45
	INT  shift 39
	STRING  shift 40
	QSTRING  shift 41
	TRUE  shift 42
	FALSE  shift 43
	LPAREN  shift 38
	QUESTION  shift 47
	SUB  shift 48
	NOT  shift 49
	.  error

	expr  goto 98

state 69
	expr:  expr DIV.expr 

	IDENT  shift 46
	CALL  shift 44
	CALLCONTRACT  shift 45
	INT  shift 39
	STRING  shift 40
	QSTRING  shift 41
	TRUE  shift 42
	FALSE  shift 43
	LPAREN  shift 38
	QUESTION  shift 47
	SUB  shift 48
	NOT  shift 49
	.  error

	expr  goto 99

state 70
	expr:  expr ADD.expr 

	IDENT  shift 46
	CALL  shift 44
	CALLCONTRACT  shift 45
	INT  shift 39
	STRING  shift 40
	QSTRING  shift 41
	TRUE  shift 42
	FALSE  shift 43
	LPAREN  shift 38
	QUESTION  shift 47
	SUB  shift 48
	NOT  shift 49
	.  error

	expr  goto 100

state 71
	expr:  expr SUB.expr 

	IDENT  shift 46
	CALL  shift 44
	CALLCONTRACT  shift 45
	INT  shift 39
	STRING  shift 40
	QSTRING  shift 41
	TRUE  shift 42
	FALSE  shift 43
	LPAREN  shift 38
	QUESTION  shift 47
	SUB  shift 48
	NOT  shift 49
	.  error

	expr  goto 101

state 72
	expr:  expr MOD.expr 

	IDENT  shift 46
	CALL  shift 44
	CALLCONTRACT  shift 45
	INT  shift 39
	STRING  shift 40
	QSTRING  shift 41
	TRUE  shift 42
	FALSE  shift 43
	LPAREN  shift 38
	QUESTION  shift 47
	SUB  shift 48
	NOT  shift 49
	.  error

	expr  goto 102

state 73
	expr:  expr AND.expr 

	IDENT  shift 46
	CALL  shift 44
	CALLCONTRACT  shift 45
	INT  shift 39
	STRING  shift 40
	QSTRING  shift 41
	TRUE  shift 42
	FALSE  shift 43
	LPAREN  shift 38
	QUESTION  shift 47
	SUB  shift 48
	NOT  shift 49
	.  error

	expr  goto 103

state 74
	expr:  expr OR.expr 

	IDENT  shift 46
	CALL  shift 44
	CALLCONTRACT  shift 45
	INT  shift 39
	STRING  shift 40
	QSTRING  shift 41
	TRUE  shift 42
	FALSE  shift 43
	LPAREN  shift 38
	QUESTION  shift 47
	SUB  shift 48
	NOT  shift 49
	.  error

	expr  goto 104

state 75
	expr:  expr EQ.expr 

	IDENT  shift 46
	CALL  shift 44
	CALLCONTRACT  shift 45
	INT  shift 39
	STRING  shift 40
	QSTRING  shift 41
	TRUE  shift 42
	FALSE  shift 43
	LPAREN  shift 38
	QUESTION  shift 47
	SUB  shift 48
	NOT  shift 49
	.  error

	expr  goto 105

state 76
	expr:  expr NOT_EQ.expr 

	IDENT  shift 46
	CALL  shift 44
	CALLCONTRACT  shift 45
	INT  shift 39
	STRING  shift 40
	QSTRING  shift 41
	TRUE  shift 42
	FALSE  shift 43
	LPAREN  shift 38
	QUESTION  shift 47
	SUB  shift 48
	NOT  shift 49
	.  error

	expr  goto 106

state 77
	expr:  expr LTE.expr 

	IDENT  shift 46
	CALL  shift 44
	CALLCONTRACT  shift 45
	INT  shift 39
	STRING  shift 40
	QSTRING  shift 41
	TRUE  shift 42
	FALSE  shift 43
	LPAREN  shift 38
	QUESTION  shift 47
	SUB  shift 48
	NOT  shift 49
	.  error

	expr  goto 107

state 78
	expr:  expr GTE.expr 

	IDENT  shift 46
	CALL  shift 44
	CALLCONTRACT  shift 45
	INT  shift 39
	STRING  shift 40
	QSTRING  shift 41
	TRUE  shift 42
	FALSE  shift 43
	LPAREN  shift 38
	QUESTION  shift 47
	SUB  shift 48
	NOT  shift 49
	.  error

	expr  goto 108

state 79
	expr:  expr LT.expr 

	IDENT  shift 46
	CALL  shift 44
	CALLCONTRACT  shift 45
	INT  shift 39
	STRING  shift 40
	QSTRING  shift 41
	TRUE  shift 42
	FALSE  shift 43
	LPAREN  shift 38
	QUESTION  shift 47
	SUB  shift 48
	NOT  shift 49
	.  error

	expr  goto 109

state 80
	expr:  expr GT.expr 

	IDENT  shift 46
	CALL  shift 44
	CALLCONTRACT  shift 45
	INT  shift 39
	STRING  shift 40
	QSTRING  shift 41
	TRUE  shift 42
	FALSE  shift 43
	LPAREN  shift 38
	QUESTION  shift 47
	SUB  shift 48
	NOT  shift 49
	.  error

	expr  goto 110

state 81
	expr:  LPAREN expr.RPAREN 
	expr:  expr.MUL expr 
	expr:  expr.DIV expr 
	expr:  expr.ADD expr 
	expr:  expr.SUB expr 
	expr:  expr.MOD expr 
	expr:  expr.AND expr 
	expr:  expr.OR expr 
	expr:  expr.EQ expr 
	expr:  expr.NOT_EQ expr 
	expr:  expr.LTE expr 
	expr:  expr.GTE expr 
	expr:  expr.LT expr 
	expr:  expr.GT expr 

	RPAREN  shift 111
	ADD  shift 70
	SUB  shift 71
	MUL  shift 68
	DIV  shift 69
	MOD  shift 72
	AND  shift 73
	OR  shift 74
	EQ  shift 75
	NOT_EQ  shift 76
	LT  shift 79
	GT  shift 80
	LTE  shift 77
	GTE  shift 78
	.  error


state 82
	params:  params.COMMA expr 
	expr:  CALL params.RPAREN 

	COMMA  shift 91
	RPAREN  shift 112
	.  error


state 83
	expr:  CALLCONTRACT RPAREN.    (39)

	.  reduce 39 (src line 176)


state 84
	expr:  QUESTION LPAREN.expr COMMA expr COMMA expr RPAREN 

	IDENT  shift 46
	CALL  shift 44
	CALLCONTRACT  shift 45
	INT  shift 39
	STRING  shift 40
	QSTRING  shift 41
	TRUE  shift 42
	FALSE  shift 43
	LPAREN  shift 38
	QUESTION  shift 47
	SUB  shift 48
	NOT  shift 49
	.  error

	expr  goto 113

state 85
	expr:  expr.MUL expr 
	expr:  expr.DIV expr 
	expr:  expr.ADD expr 
	expr:  expr.SUB expr 
	expr:  expr.MOD expr 
	expr:  expr.AND expr 
	expr:  expr.OR expr 
	expr:  expr.EQ expr 
	expr:  expr.NOT_EQ expr 
	expr:  expr.LTE expr 
	expr:  expr.GTE expr 
	expr:  expr.LT expr 
	expr:  expr.GT expr 
	expr:  SUB expr.    (55)

	.  reduce 55 (src line 193)


state 86
	expr:  expr.MUL expr 
	expr:  expr.DIV expr 
	expr:  expr.ADD expr 
	expr:  expr.SUB expr 
	expr:  expr.MOD expr 
	expr:  expr.AND expr 
	expr:  expr.OR expr 
	expr:  expr.EQ expr 
	expr:  expr.NOT_EQ expr 
	expr:  expr.LTE expr 
	expr:  expr.GTE expr 
	expr:  expr.LT expr 
	expr:  expr.GT expr 
	expr:  NOT expr.    (56)

	.  reduce 56 (src line 194)


state 87
	statement:  WHILE expr LBRACE.statements RBRACE 
	statements: .    (6)

	.  reduce 6 (src line 123)

	statements  goto 114

state 88
	statement:  FUNC CALL par_declarations.RPAREN rettype LBRACE statements RBRACE 
	par_declarations:  par_declarations.COMMA par_declaration 

	COMMA  shift 116
	RPAREN  shift 115
	.  error


state 89
	par_declarations:  par_declaration.    (61)

	.  reduce 61 (src line 208)


state 90
	par_declaration:  type.ident_list 

	IDENT  shift 95
	.  error

	ident_list  goto 117

state 91
	params:  params COMMA.expr 

	IDENT  shift 46
	CALL  shift 44
	CALLCONTRACT  shift 45
	INT  shift 39
	STRING  shift 40
	QSTRING  shift 41
	TRUE  shift 42
	FALSE  shift 43
	LPAREN  shift 38
	QUESTION  shift 47
	SUB  shift 48
	NOT  shift 49
	.  error

	expr  goto 118

state 92
	statement:  CALL params RPAREN.    (30)

	.  reduce 30 (src line 164)


state 93
	var_declarations:  var_declarations NEWLINE.var_declaration 
	contract_data:  DATA LBRACE NEWLINE var_declarations NEWLINE.RBRACE NEWLINE 

	RBRACE  shift 120
	T_INT  shift 25
	T_BOOL  shift 24
	T_STR  shift 26
	.  error

	type  goto 58
	var_declaration  goto 119

state 94
	ident_list:  ident_list.IDENT 
	var_declaration:  type ident_list.    (63)

	IDENT  shift 66
	.  reduce 63 (src line 212)


state 95
	ident_list:  IDENT.    (57)

	.  reduce 57 (src line 197)


state 96
	statement:  type IDENT ASSIGN expr.    (23)
	expr:  expr.MUL expr 
	expr:  expr.DIV expr 
	expr:  expr.ADD expr 
	expr:  expr.SUB expr 
	expr:  expr.MOD expr 
	expr:  expr.AND expr 
	expr:  expr.OR expr 
	expr:  expr.EQ expr 
	expr:  expr.NOT_EQ expr 
	expr:  expr.LTE expr 
	expr:  expr.GTE expr 
	expr:  expr.LT expr 
	expr:  expr.GT expr 

	ADD  shift 70
	SUB  shift 71
	MUL  shift 68
	DIV  shift 69
	MOD  shift 72
	AND  shift 73
	OR  shift 74
	EQ  shift 75
	NOT_EQ  shift 76
	LT  shift 79
	GT  shift 80
	LTE  shift 77
	GTE  shift 78
	.  reduce 23 (src line 155)


state 97
	statements:  statements.NEWLINE 
	statements:  statements.statement NEWLINE 
	statement:  IF expr LBRACE statements.RBRACE elif else 

	IDENT  shift 23
	CALL  shift 21
	CALLCONTRACT  shift 22
	NEWLINE  shift 13
	RBRACE  shift 121
	IF  shift 17
	RETURN  shift 18
	WHILE  shift 19
	FUNC  shift 20
	T_INT  shift 25
	T_BOOL  shift 24
	T_STR  shift 26
	.  error

	type  goto 16
	var  goto 15
	statement  goto 14

state 98
	expr:  expr.MUL expr 
	expr:  expr MUL expr.    (42)
	expr:  expr.DIV expr 
	expr:  expr.ADD expr 
	expr:  expr.SUB expr 
	expr:  expr.MOD expr 
	expr:  expr.AND expr 
	expr:  expr.OR expr 
	expr:  expr.EQ expr 
	expr:  expr.NOT_EQ expr 
	expr:  expr.LTE expr 
	expr:  expr.GTE expr 
	expr:  expr.LT expr 
	expr:  expr.GT expr 

	.  reduce 42 (src line 179)


state 99
	expr:  expr.MUL expr 
	expr:  expr.DIV expr 
	expr:  expr DIV expr.    (43)
	expr:  expr.ADD expr 
	expr:  expr.SUB expr 
	expr:  expr.MOD expr 
	expr:  expr.AND expr 
	expr:  expr.OR expr 
	expr:  expr.EQ expr 
	expr:  expr.NOT_EQ expr 
	expr:  expr.LTE expr 
	expr:  expr.GTE expr 
	expr:  expr.LT expr 
	expr:  expr.GT expr 

	.  reduce 43 (src line 180)


state 100
	expr:  expr.MUL expr 
	expr:  expr.DIV expr 
	expr:  expr.ADD expr 
	expr:  expr ADD expr.    (44)
	expr:  expr.SUB expr 
	expr:  expr.MOD expr 
	expr:  expr.AND expr 
	expr:  expr.OR expr 
	expr:  expr.EQ expr 
	expr:  expr.NOT_EQ expr 
	expr:  expr.LTE expr 
	expr:  expr.GTE expr 
	expr:  expr.LT expr 
	expr:  expr.GT expr 

	MUL  shift 68
	DIV  shift 69
	MOD  shift 72
	.  reduce 44 (src line 181)


state 101
	expr:  expr.MUL expr 
	expr:  expr.DIV expr 
	expr:  expr.ADD expr 
	expr:  expr.SUB expr 
	expr:  expr SUB expr.    (45)
	expr:  expr.MOD expr 
	expr:  expr.AND expr 
	expr:  expr.OR expr 
	expr:  expr.EQ expr 
	expr:  expr.NOT_EQ expr 
	expr:  expr.LTE expr 
	expr:  expr.GTE expr 
	expr:  expr.LT expr 
	expr:  expr.GT expr 

	MUL  shift 68
	DIV  shift 69
	MOD  shift 72
	.  reduce 45 (src line 182)


state 102
	expr:  expr.MUL expr 
	expr:  expr.DIV expr 
	expr:  expr.ADD expr 
	expr:  expr.SUB expr 
	expr:  expr.MOD expr 
	expr:  expr MOD expr.    (46)
	expr:  expr.AND expr 
	expr:  expr.OR expr 
	expr:  expr.EQ expr 
	expr:  expr.NOT_EQ expr 
	expr:  expr.LTE expr 
	expr:  expr.GTE expr 
	expr:  expr.LT expr 
	expr:  expr.GT expr 

	.  reduce 46 (src line 183)


state 103
	expr:  expr.MUL expr 
	expr:  expr.DIV expr 
	expr:  expr.ADD expr 
	expr:  expr.SUB expr 
	expr:  expr.MOD expr 
	expr:  expr.AND expr 
	expr:  expr AND expr.    (47)
	expr:  expr.OR expr 
	expr:  expr.EQ expr 
	expr:  expr.NOT_EQ expr 
	expr:  expr.LTE expr 
	expr:  expr.GTE expr 
	expr:  expr.LT expr 
	expr:  expr.GT expr 

	ADD  shift 70
	SUB  shift 71
	MUL  shift 68
	DIV  shift 69
	MOD  shift 72
	OR  shift 74
	EQ  shift 75
	NOT_EQ  shift 76
	LT  shift 79
	GT  shift 80
	LTE  shift 77
	GTE  shift 78
	.  reduce 47 (src line 184)


state 104
	expr:  expr.MUL expr 
	expr:  expr.DIV expr 
	expr:  expr.ADD expr 
	expr:  expr.SUB expr 
	expr:  expr.MOD expr 
	expr:  expr.AND expr 
	expr:  expr.OR expr 
	expr:  expr OR expr.    (48)
	expr:  expr.EQ expr 
	expr:  expr.NOT_EQ expr 
	expr:  expr.LTE expr 
	expr:  expr.GTE expr 
	expr:  expr.LT expr 
	expr:  expr.GT expr 

	ADD  shift 70
	SUB  shift 71
	MUL  shift 68
	DIV  shift 69
	MOD  shift 72
	EQ  shift 75
	NOT_EQ  shift 76
	LT  shift 79
	GT  shift 80
	LTE  shift 77
	GTE  shift 78
	.  reduce 48 (src line 185)


state 105
	expr:  expr.MUL expr 
	expr:  expr.DIV expr 
	expr:  expr.ADD expr 
	expr:  expr.SUB expr 
	expr:  expr.MOD expr 
	expr:  expr.AND expr 
	expr:  expr.OR expr 
	expr:  expr.EQ expr 
	expr:  expr EQ expr.    (49)
	expr:  expr.NOT_EQ expr 
	expr:  expr.LTE expr 
	expr:  expr.GTE expr 
	expr:  expr.LT expr 
	expr:  expr.GT expr 

	ADD  shift 70
	SUB  shift 71
	MUL  shift 68
	DIV  shift 69
	MOD  shift 72
	.  reduce 49 (src line 186)


state 106
	expr:  expr.MUL expr 
	expr:  expr.DIV expr 
	expr:  expr.ADD expr 
	expr:  expr.SUB expr 
	expr:  expr.MOD expr 
	expr:  expr.AND expr 
	expr:  expr.OR expr 
	expr:  expr.EQ expr 
	expr:  expr.NOT_EQ expr 
	expr:  expr NOT_EQ expr.    (50)
	expr:  expr.LTE expr 
	expr:  expr.GTE expr 
	expr:  expr.LT expr 
	expr:  expr.GT expr 

	ADD  shift 70
	SUB  shift 71
	MUL  shift 68
	DIV  shift 69
	MOD  shift 72
	.  reduce 50 (src line 187)


state 107
	expr:  expr.MUL expr 
	expr:  expr.DIV expr 
	expr:  expr.ADD expr 
	expr:  expr.SUB expr 
	expr:  expr.MOD expr 
	expr:  expr.AND expr 
	expr:  expr.OR expr 
	expr:  expr.EQ expr 
	expr:  expr.NOT_EQ expr 
	expr:  expr.LTE expr 
	expr:  expr LTE expr.    (51)
	expr:  expr.GTE expr 
	expr:  expr.LT expr 
	expr:  expr.GT expr 

	ADD  shift 70
	SUB  shift 71
	MUL  shift 68
	DIV  shift 69
	MOD  shift 72
	.  reduce 51 (src line 188)


state 108
	expr:  expr.MUL expr 
	expr:  expr.DIV expr 
	expr:  expr.ADD expr 
	expr:  expr.SUB expr 
	expr:  expr.MOD expr 
	expr:  expr.AND expr 
	expr:  expr.OR expr 
	expr:  expr.EQ expr 
	expr:  expr.NOT_EQ expr 
	expr:  expr.LTE expr 
	expr:  expr.GTE expr 
	expr:  expr GTE expr.    (52)
	expr:  expr.LT expr 
	expr:  expr.GT expr 

	ADD  shift 70
	SUB  shift 71
	MUL  shift 68
	DIV  shift 69
	MOD  shift 72
	.  reduce 52 (src line 189)


state 109
	expr:  expr.MUL expr 
	expr:  expr.DIV expr 
	expr:  expr.ADD expr 
	expr:  expr.SUB expr 
	expr:  expr.MOD expr 
	expr:  expr.AND expr 
	expr:  expr.OR expr 
	expr:  expr.EQ expr 
	expr:  expr.NOT_EQ expr 
	expr:  expr.LTE expr 
	expr:  expr.GTE expr 
	expr:  expr.LT expr 
	expr:  expr LT expr.    (53)
	expr:  expr.GT expr 

	ADD  shift 70
	SUB  shift 71
	MUL  shift 68
	DIV  shift 69
	MOD  shift 72
	.  reduce 53 (src line 190)


state 110
	expr:  expr.MUL expr 
	expr:  expr.DIV expr 
	expr:  expr.ADD expr 
	expr:  expr.SUB expr 
	expr:  expr.MOD expr 
	expr:  expr.AND expr 
	expr:  expr.OR expr 
	expr:  expr.EQ expr 
	expr:  expr.NOT_EQ expr 
	expr:  expr.LTE expr 
	expr:  expr.GTE expr 
	expr:  expr.LT expr 
	expr:  expr.GT expr 
	expr:  expr GT expr.    (54)

	ADD  shift 70
	SUB  shift 71
	MUL  shift 68
	DIV  shift 69
	MOD  shift 72
	.  reduce 54 (src line 191)


state 111
	expr:  LPAREN expr RPAREN.    (32)

	.  reduce 32 (src line 168)


state 112
	expr:  CALL params RPAREN.    (38)

	.  reduce 38 (src line 175)


state 113
	expr:  QUESTION LPAREN expr.COMMA expr COMMA expr RPAREN 
	expr:  expr.MUL expr 
	expr:  expr.DIV expr 
	expr:  expr.ADD expr 
	expr:  expr.SUB expr 
	expr:  expr.MOD expr 
	expr:  expr.AND expr 
	expr:  expr.OR expr 
	expr:  expr.EQ expr 
	expr:  expr.NOT_EQ expr 
	expr:  expr.LTE expr 
	expr:  expr.GTE expr 
	expr:  expr.LT expr 
	expr:  expr.GT expr 

	COMMA  shift 122
	ADD  shift 70
	SUB  shift 71
	MUL  shift 68
	DIV  shift 69
	MOD  shift 72
	AND  shift 73
	OR  shift 74
	EQ  shift 75
	NOT_EQ  shift 76
	LT  shift 79
	GT  shift 80
	LTE  shift 77
	GTE  shift 78
	.  error


state 114
	statements:  statements.NEWLINE 
	statements:  statements.statement NEWLINE 
	statement:  WHILE expr LBRACE statements.RBRACE 

	IDENT  shift 23
	CALL  shift 21
	CALLCONTRACT  shift 22
	NEWLINE  shift 13
	RBRACE  shift 123
	IF  shift 17
	RETURN  shift 18
	WHILE  shift 19
	FUNC  shift 20
	T_INT  shift 25
	T_BOOL  shift 24
	T_STR  shift 26
	.  error

	type  goto 16
	var  goto 15
	statement  goto 14

state 115
	statement:  FUNC CALL par_declarations RPAREN.rettype LBRACE statements RBRACE 
	rettype: .    (4)

	T_INT  shift 25
	T_BOOL  shift 24
	T_STR  shift 26
	.  reduce 4 (src line 118)

	type  goto 125
	rettype  goto 124

state 116
	par_declarations:  par_declarations COMMA.par_declaration 

	T_INT  shift 25
	T_BOOL  shift 24
	T_STR  shift 26
	.  error

	type  goto 90
	par_declaration  goto 126

state 117
	ident_list:  ident_list.IDENT 
	par_declaration:  type ident_list.    (59)

	IDENT  shift 66
	.  reduce 59 (src line 202)


state 118
	params:  params COMMA expr.    (11)
	expr:  expr.MUL expr 
	expr:  expr.DIV expr 
	expr:  expr.ADD expr 
	expr:  expr.SUB expr 
	expr:  expr.MOD expr 
	expr:  expr.AND expr 
	expr:  expr.OR expr 
	expr:  expr.EQ expr 
	expr:  expr.NOT_EQ expr 
	expr:  expr.LTE expr 
	expr:  expr.GTE expr 
	expr:  expr.LT expr 
	expr:  expr.GT expr 

	ADD  shift 70
	SUB  shift 71
	MUL  shift 68
	DIV  shift 69
	MOD  shift 72
	AND  shift 73
	OR  shift 74
	EQ  shift 75
	NOT_EQ  shift 76
	LT  shift 79
	GT  shift 80
	LTE  shift 77
	GTE  shift 78
	.  reduce 11 (src line 132)


state 119
	var_declarations:  var_declarations NEWLINE var_declaration.    (65)

	.  reduce 65 (src line 218)


state 120
	contract_data:  DATA LBRACE NEWLINE var_declarations NEWLINE RBRACE.NEWLINE 

	NEWLINE  shift 127
	.  error


state 121
	statement:  IF expr LBRACE statements RBRACE.elif else 
	elif: .    (15)

	.  reduce 15 (src line 143)

	elif  goto 128

state 122
	expr:  QUESTION LPAREN expr COMMA.expr COMMA expr RPAREN 

	IDENT  shift 46
	CALL  shift 44
	CALLCONTRACT  shift 45
	INT  shift 39
	STRING  shift 40
	QSTRING  shift 41
	TRUE  shift 42
	FALSE  shift 43
	LPAREN  shift 38
	QUESTION  shift 47
	SUB  shift 48
	NOT  shift 49
	.  error

	expr  goto 129

state 123
	statement:  WHILE expr LBRACE statements RBRACE.    (28)

	.  reduce 28 (src line 160)


state 124
	statement:  FUNC CALL par_declarations RPAREN rettype.LBRACE statements RBRACE 

	LBRACE  shift 130
	.  error


state 125
	rettype:  type.    (5)

	.  reduce 5 (src line 120)


state 126
	par_declarations:  par_declarations COMMA par_declaration.    (62)

	.  reduce 62 (src line 209)


state 127
	contract_data:  DATA LBRACE NEWLINE var_declarations NEWLINE RBRACE NEWLINE.    (67)

	.  reduce 67 (src line 223)


state 128
	elif:  elif.ELIF expr LBRACE statements RBRACE 
	statement:  IF expr LBRACE statements RBRACE elif.else 
	else: .    (13)

	ELIF  shift 131
	ELSE  shift 133
	.  reduce 13 (src line 138)

	else  goto 132

state 129
	expr:  QUESTION LPAREN expr COMMA expr.COMMA expr RPAREN 
	expr:  expr.MUL expr 
	expr:  expr.DIV expr 
	expr:  expr.ADD expr 
	expr:  expr.SUB expr 
	expr:  expr.MOD expr 
	expr:  expr.AND expr 
	expr:  expr.OR expr 
	expr:  expr.EQ expr 
	expr:  expr.NOT_EQ expr 
	expr:  expr.LTE expr 
	expr:  expr.GTE expr 
	expr:  expr.LT expr 
	expr:  expr.GT expr 

	COMMA  shift 134
	ADD  shift 70
	SUB  shift 71
	MUL  shift 68
	DIV  shift 69
	MOD  shift 72
	AND  shift 73
	OR  shift 74
	EQ  shift 75
	NOT_EQ  shift 76
	LT  shift 79
	GT  shift 80
	LTE  shift 77
	GTE  shift 78
	.  error


state 130
	statement:  FUNC CALL par_declarations RPAREN rettype LBRACE.statements RBRACE 
	statements: .    (6)

	.  reduce 6 (src line 123)

	statements  goto 135

state 131
	elif:  elif ELIF.expr LBRACE statements RBRACE 

	IDENT  shift 46
	CALL  shift 44
	CALLCONTRACT  shift 45
	INT  shift 39
	STRING  shift 40
	QSTRING  shift 41
	TRUE  shift 42
	FALSE  shift 43
	LPAREN  shift 38
	QUESTION  shift 47
	SUB  shift 48
	NOT  shift 49
	.  error

	expr  goto 136

state 132
	statement:  IF expr LBRACE statements RBRACE elif else.    (25)

	.  reduce 25 (src line 157)


state 133
	else:  ELSE.LBRACE statements RBRACE 

	LBRACE  shift 137
	.  error


state 134
	expr:  QUESTION LPAREN expr COMMA expr COMMA.expr RPAREN 

	IDENT  shift 46
	CALL  shift 44
	CALLCONTRACT  shift 45
	INT  shift 39
	STRING  shift 40
	QSTRING  shift 41
	TRUE  shift 42
	FALSE  shift 43
	LPAREN  shift 38
	QUESTION  shift 47
	SUB  shift 48
	NOT  shift 49
	.  error

	expr  goto 138

state 135
	statements:  statements.NEWLINE 
	statements:  statements.statement NEWLINE 
	statement:  FUNC CALL par_declarations RPAREN rettype LBRACE statements.RBRACE 

	IDENT  shift 23
	CALL  shift 21
	CALLCONTRACT  shift 22
	NEWLINE  shift 13
	RBRACE  shift 139
	IF  shift 17
	RETURN  shift 18
	WHILE  shift 19
	FUNC  shift 20
	T_INT  shift 25
	T_BOOL  shift 24
	T_STR  shift 26
	.  error

	type  goto 16
	var  goto 15
	statement  goto 14

state 136
	elif:  elif ELIF expr.LBRACE statements RBRACE 
	expr:  expr.MUL expr 
	expr:  expr.DIV expr 
	expr:  expr.ADD expr 
	expr:  expr.SUB expr 
	expr:  expr.MOD expr 
	expr:  expr.AND expr 
	expr:  expr.OR expr 
	expr:  expr.EQ expr 
	expr:  expr.NOT_EQ expr 
	expr:  expr.LTE expr 
	expr:  expr.GTE expr 
	expr:  expr.LT expr 
	expr:  expr.GT expr 

	LBRACE  shift 140
	ADD  shift 70
	SUB  shift 71
	MUL  shift 68
	DIV  shift 69
	MOD  shift 72
	AND  shift 73
	OR  shift 74
	EQ  shift 75
	NOT_EQ  shift 76
	LT  shift 79
	GT  shift 80
	LTE  shift 77
	GTE  shift 78
	.  error


state 137
	else:  ELSE LBRACE.statements RBRACE 
	statements: .    (6)

	.  reduce 6 (src line 123)

	statements  goto 141

state 138
	expr:  QUESTION LPAREN expr COMMA expr COMMA expr.RPAREN 
	expr:  expr.MUL expr 
	expr:  expr.DIV expr 
	expr:  expr.ADD expr 
	expr:  expr.SUB expr 
	expr:  expr.MOD expr 
	expr:  expr.AND expr 
	expr:  expr.OR expr 
	expr:  expr.EQ expr 
	expr:  expr.NOT_EQ expr 
	expr:  expr.LTE expr 
	expr:  expr.GTE expr 
	expr:  expr.LT expr 
	expr:  expr.GT expr 

	RPAREN  shift 142
	ADD  shift 70
	SUB  shift 71
	MUL  shift 68
	DIV  shift 69
	MOD  shift 72
	AND  shift 73
	OR  shift 74
	EQ  shift 75
	NOT_EQ  shift 76
	LT  shift 79
	GT  shift 80
	LTE  shift 77
	GTE  shift 78
	.  error


state 139
	statement:  FUNC CALL par_declarations RPAREN rettype LBRACE statements RBRACE.    (29)

	.  reduce 29 (src line 161)


state 140
	elif:  elif ELIF expr LBRACE.statements RBRACE 
	statements: .    (6)

	.  reduce 6 (src line 123)

	statements  goto 143

state 141
	statements:  statements.NEWLINE 
	statements:  statements.statement NEWLINE 
	else:  ELSE LBRACE statements.RBRACE 

	IDENT  shift 23
	CALL  shift 21
	CALLCONTRACT  shift 22
	NEWLINE  shift 13
	RBRACE  shift 144
	IF  shift 17
	RETURN  shift 18
	WHILE  shift 19
	FUNC  shift 20
	T_INT  shift 25
	T_BOOL  shift 24
	T_STR  shift 26
	.  error

	type  goto 16
	var  goto 15
	statement  goto 14

state 142
	expr:  QUESTION LPAREN expr COMMA expr COMMA expr RPAREN.    (41)

	.  reduce 41 (src line 178)


state 143
	statements:  statements.NEWLINE 
	statements:  statements.statement NEWLINE 
	elif:  elif ELIF expr LBRACE statements.RBRACE 

	IDENT  shift 23
	CALL  shift 21
	CALLCONTRACT  shift 22
	NEWLINE  shift 13
	RBRACE  shift 145
	IF  shift 17
	RETURN  shift 18
	WHILE  shift 19
	FUNC  shift 20
	T_INT  shift 25
	T_BOOL  shift 24
	T_STR  shift 26
	.  error

	type  goto 16
	var  goto 15
	statement  goto 14

state 144
	else:  ELSE LBRACE statements RBRACE.    (14)

	.  reduce 14 (src line 140)


state 145
	elif:  elif ELIF expr LBRACE statements RBRACE.    (16)

	.  reduce 16 (src line 145)


54 terminals, 18 nonterminals
71 grammar rules, 146/8000 states
0 shift/reduce, 0 reduce/reduce conflicts reported
67 working sets used
memory: parser 63/120000
4 extra closures
809 shift entries, 1 exceptions
63 goto entries
16 entries saved by goto default
Optimizer space used: output 437/120000
437 table entries, 106 zero
maximum spread: 52, maximum offset: 140
